[2023-05-04T04:31:47.256+0000] {taskinstance.py:1087} INFO - Dependencies all met for <TaskInstance: evidently_drift_report.load_data_execute scheduled__2023-05-03T00:00:00+00:00 [queued]>
[2023-05-04T04:31:47.333+0000] {taskinstance.py:1087} INFO - Dependencies all met for <TaskInstance: evidently_drift_report.load_data_execute scheduled__2023-05-03T00:00:00+00:00 [queued]>
[2023-05-04T04:31:47.333+0000] {taskinstance.py:1283} INFO - 
--------------------------------------------------------------------------------
[2023-05-04T04:31:47.334+0000] {taskinstance.py:1284} INFO - Starting attempt 1 of 2
[2023-05-04T04:31:47.334+0000] {taskinstance.py:1285} INFO - 
--------------------------------------------------------------------------------
[2023-05-04T04:31:47.365+0000] {taskinstance.py:1304} INFO - Executing <Task(PythonOperator): load_data_execute> on 2023-05-03 00:00:00+00:00
[2023-05-04T04:31:47.403+0000] {standard_task_runner.py:55} INFO - Started process 147 to run task
[2023-05-04T04:31:47.428+0000] {standard_task_runner.py:82} INFO - Running: ['***', 'tasks', 'run', 'evidently_drift_report', 'load_data_execute', 'scheduled__2023-05-03T00:00:00+00:00', '--job-id', '95', '--raw', '--subdir', 'DAGS_FOLDER/evidently_drift_report.py', '--cfg-path', '/tmp/tmp4seu4mau']
[2023-05-04T04:31:47.433+0000] {standard_task_runner.py:83} INFO - Job 95: Subtask load_data_execute
[2023-05-04T04:31:47.585+0000] {task_command.py:389} INFO - Running <TaskInstance: evidently_drift_report.load_data_execute scheduled__2023-05-03T00:00:00+00:00 [running]> on host 6c2147fba45d
[2023-05-04T04:31:47.757+0000] {taskinstance.py:1511} INFO - Exporting the following env vars:
AIRFLOW_CTX_DAG_OWNER=***
AIRFLOW_CTX_DAG_ID=evidently_drift_report
AIRFLOW_CTX_TASK_ID=load_data_execute
AIRFLOW_CTX_EXECUTION_DATE=2023-05-03T00:00:00+00:00
AIRFLOW_CTX_TRY_NUMBER=1
AIRFLOW_CTX_DAG_RUN_ID=scheduled__2023-05-03T00:00:00+00:00
[2023-05-04T04:32:03.110+0000] {python.py:177} INFO - Done. Returned value was: None
[2023-05-04T04:32:03.129+0000] {taskinstance.py:1322} INFO - Marking task as SUCCESS. dag_id=evidently_drift_report, task_id=load_data_execute, execution_date=20230503T000000, start_date=20230504T043147, end_date=20230504T043203
[2023-05-04T04:32:03.244+0000] {local_task_job.py:159} INFO - Task exited with return code 0
[2023-05-04T04:32:03.273+0000] {taskinstance.py:2582} INFO - 1 downstream tasks scheduled from follow-on schedule check
