[2023-05-04T03:49:43.165+0000] {taskinstance.py:1087} INFO - Dependencies all met for <TaskInstance: train_ml_pipeline.train_model manual__2023-05-04T03:49:14.274465+00:00 [queued]>
[2023-05-04T03:49:43.179+0000] {taskinstance.py:1087} INFO - Dependencies all met for <TaskInstance: train_ml_pipeline.train_model manual__2023-05-04T03:49:14.274465+00:00 [queued]>
[2023-05-04T03:49:43.179+0000] {taskinstance.py:1283} INFO - 
--------------------------------------------------------------------------------
[2023-05-04T03:49:43.180+0000] {taskinstance.py:1284} INFO - Starting attempt 1 of 2
[2023-05-04T03:49:43.180+0000] {taskinstance.py:1285} INFO - 
--------------------------------------------------------------------------------
[2023-05-04T03:49:43.201+0000] {taskinstance.py:1304} INFO - Executing <Task(PythonOperator): train_model> on 2023-05-04 03:49:14.274465+00:00
[2023-05-04T03:49:43.224+0000] {standard_task_runner.py:55} INFO - Started process 163 to run task
[2023-05-04T03:49:43.231+0000] {standard_task_runner.py:82} INFO - Running: ['***', 'tasks', 'run', 'train_ml_pipeline', 'train_model', 'manual__2023-05-04T03:49:14.274465+00:00', '--job-id', '86', '--raw', '--subdir', 'DAGS_FOLDER/machine_learning_trainig_dag_Septembre.py', '--cfg-path', '/tmp/tmphgscolhk']
[2023-05-04T03:49:43.232+0000] {standard_task_runner.py:83} INFO - Job 86: Subtask train_model
[2023-05-04T03:49:43.331+0000] {task_command.py:389} INFO - Running <TaskInstance: train_ml_pipeline.train_model manual__2023-05-04T03:49:14.274465+00:00 [running]> on host fc4cff34578c
[2023-05-04T03:49:43.416+0000] {taskinstance.py:1511} INFO - Exporting the following env vars:
AIRFLOW_CTX_DAG_OWNER=***
AIRFLOW_CTX_DAG_ID=train_ml_pipeline
AIRFLOW_CTX_TASK_ID=train_model
AIRFLOW_CTX_EXECUTION_DATE=2023-05-04T03:49:14.274465+00:00
AIRFLOW_CTX_TRY_NUMBER=1
AIRFLOW_CTX_DAG_RUN_ID=manual__2023-05-04T03:49:14.274465+00:00
[2023-05-04T03:49:45.984+0000] {logging_mixin.py:137} WARNING - wandb: Tracking run with wandb version 0.15.1
[2023-05-04T03:49:45.985+0000] {logging_mixin.py:137} WARNING - wandb: Run data is saved locally in /opt/***/wandb/run-20230504_034944-xxclh1q8
wandb: Run `wandb offline` to turn off syncing.
[2023-05-04T03:49:45.988+0000] {logging_mixin.py:137} WARNING - wandb: Syncing run 2023-05-04-03-49-43_model
[2023-05-04T03:49:45.989+0000] {logging_mixin.py:137} WARNING - wandb:  View project at https://wandb.ai/0xasept/MichelLaPolice
[2023-05-04T03:49:45.989+0000] {logging_mixin.py:137} WARNING - wandb:  View run at https://wandb.ai/0xasept/MichelLaPolice/runs/xxclh1q8
[2023-05-04T03:49:47.579+0000] {logging_mixin.py:137} WARNING - wandb:   1 of 1 files downloaded.
[2023-05-04T03:49:49.533+0000] {logging_mixin.py:137} WARNING - wandb:   1 of 1 files downloaded.
[2023-05-04T04:07:45.679+0000] {local_task_job.py:223} WARNING - State of this instance has been externally set to failed. Terminating instance.
[2023-05-04T04:07:45.682+0000] {process_utils.py:129} INFO - Sending Signals.SIGTERM to group 163. PIDs of all processes in the group: [163]
[2023-05-04T04:07:45.683+0000] {process_utils.py:84} INFO - Sending the signal Signals.SIGTERM to group 163
[2023-05-04T04:08:45.695+0000] {process_utils.py:147} WARNING - process psutil.Process(pid=163, name='airflow task ru', status='sleeping', started='03:49:42') did not respond to SIGTERM. Trying SIGKILL
[2023-05-04T04:08:45.701+0000] {process_utils.py:84} INFO - Sending the signal Signals.SIGKILL to group 163
[2023-05-04T04:08:45.794+0000] {process_utils.py:79} INFO - Process psutil.Process(pid=163, name='airflow task ru', status='terminated', exitcode=<Negsignal.SIGKILL: -9>, started='03:49:42') (163) terminated with exit code Negsignal.SIGKILL
[2023-05-04T04:08:45.794+0000] {standard_task_runner.py:168} ERROR - Job 86 was killed before it finished (likely due to running out of memory)
