[2023-05-04T05:49:17.553+0000] {taskinstance.py:1087} INFO - Dependencies all met for <TaskInstance: train_ml_pipeline.load_data manual__2023-05-04T05:49:05.289939+00:00 [queued]>
[2023-05-04T05:49:17.565+0000] {taskinstance.py:1087} INFO - Dependencies all met for <TaskInstance: train_ml_pipeline.load_data manual__2023-05-04T05:49:05.289939+00:00 [queued]>
[2023-05-04T05:49:17.565+0000] {taskinstance.py:1283} INFO - 
--------------------------------------------------------------------------------
[2023-05-04T05:49:17.566+0000] {taskinstance.py:1284} INFO - Starting attempt 1 of 2
[2023-05-04T05:49:17.566+0000] {taskinstance.py:1285} INFO - 
--------------------------------------------------------------------------------
[2023-05-04T05:49:17.583+0000] {taskinstance.py:1304} INFO - Executing <Task(PythonOperator): load_data> on 2023-05-04 05:49:05.289939+00:00
[2023-05-04T05:49:17.603+0000] {standard_task_runner.py:55} INFO - Started process 118 to run task
[2023-05-04T05:49:17.607+0000] {standard_task_runner.py:82} INFO - Running: ['***', 'tasks', 'run', 'train_ml_pipeline', 'load_data', 'manual__2023-05-04T05:49:05.289939+00:00', '--job-id', '130', '--raw', '--subdir', 'DAGS_FOLDER/machine_learning_trainig_dag_Septembre.py', '--cfg-path', '/tmp/tmp_2d560oe']
[2023-05-04T05:49:17.608+0000] {standard_task_runner.py:83} INFO - Job 130: Subtask load_data
[2023-05-04T05:49:17.681+0000] {task_command.py:389} INFO - Running <TaskInstance: train_ml_pipeline.load_data manual__2023-05-04T05:49:05.289939+00:00 [running]> on host ffe71f567fca
[2023-05-04T05:49:17.770+0000] {taskinstance.py:1511} INFO - Exporting the following env vars:
AIRFLOW_CTX_DAG_OWNER=***
AIRFLOW_CTX_DAG_ID=train_ml_pipeline
AIRFLOW_CTX_TASK_ID=load_data
AIRFLOW_CTX_EXECUTION_DATE=2023-05-04T05:49:05.289939+00:00
AIRFLOW_CTX_TRY_NUMBER=1
AIRFLOW_CTX_DAG_RUN_ID=manual__2023-05-04T05:49:05.289939+00:00
[2023-05-04T05:49:33.199+0000] {python.py:177} INFO - Done. Returned value was: None
[2023-05-04T05:49:33.212+0000] {taskinstance.py:1322} INFO - Marking task as SUCCESS. dag_id=train_ml_pipeline, task_id=load_data, execution_date=20230504T054905, start_date=20230504T054917, end_date=20230504T054933
[2023-05-04T05:49:33.282+0000] {local_task_job.py:159} INFO - Task exited with return code 0
[2023-05-04T05:49:33.316+0000] {taskinstance.py:2582} INFO - 1 downstream tasks scheduled from follow-on schedule check
