[2023-05-04T05:19:58.958+0000] {taskinstance.py:1087} INFO - Dependencies all met for <TaskInstance: train_ml_pipeline.train_model manual__2023-05-04T05:19:30.773999+00:00 [queued]>
[2023-05-04T05:19:58.971+0000] {taskinstance.py:1087} INFO - Dependencies all met for <TaskInstance: train_ml_pipeline.train_model manual__2023-05-04T05:19:30.773999+00:00 [queued]>
[2023-05-04T05:19:58.972+0000] {taskinstance.py:1283} INFO - 
--------------------------------------------------------------------------------
[2023-05-04T05:19:58.972+0000] {taskinstance.py:1284} INFO - Starting attempt 1 of 2
[2023-05-04T05:19:58.972+0000] {taskinstance.py:1285} INFO - 
--------------------------------------------------------------------------------
[2023-05-04T05:19:58.993+0000] {taskinstance.py:1304} INFO - Executing <Task(PythonOperator): train_model> on 2023-05-04 05:19:30.773999+00:00
[2023-05-04T05:19:59.020+0000] {standard_task_runner.py:55} INFO - Started process 178 to run task
[2023-05-04T05:19:59.025+0000] {standard_task_runner.py:82} INFO - Running: ['***', 'tasks', 'run', 'train_ml_pipeline', 'train_model', 'manual__2023-05-04T05:19:30.773999+00:00', '--job-id', '111', '--raw', '--subdir', 'DAGS_FOLDER/machine_learning_trainig_dag_Septembre.py', '--cfg-path', '/tmp/tmpaqas8nn5']
[2023-05-04T05:19:59.026+0000] {standard_task_runner.py:83} INFO - Job 111: Subtask train_model
[2023-05-04T05:19:59.118+0000] {task_command.py:389} INFO - Running <TaskInstance: train_ml_pipeline.train_model manual__2023-05-04T05:19:30.773999+00:00 [running]> on host 530645cd4c37
[2023-05-04T05:19:59.208+0000] {taskinstance.py:1511} INFO - Exporting the following env vars:
AIRFLOW_CTX_DAG_OWNER=***
AIRFLOW_CTX_DAG_ID=train_ml_pipeline
AIRFLOW_CTX_TASK_ID=train_model
AIRFLOW_CTX_EXECUTION_DATE=2023-05-04T05:19:30.773999+00:00
AIRFLOW_CTX_TRY_NUMBER=1
AIRFLOW_CTX_DAG_RUN_ID=manual__2023-05-04T05:19:30.773999+00:00
[2023-05-04T05:20:01.315+0000] {logging_mixin.py:137} WARNING - wandb: Tracking run with wandb version 0.15.1
[2023-05-04T05:20:01.315+0000] {logging_mixin.py:137} WARNING - wandb: Run data is saved locally in /opt/***/wandb/run-20230504_051959-wis06yaq
wandb: Run `wandb offline` to turn off syncing.
[2023-05-04T05:20:01.320+0000] {logging_mixin.py:137} WARNING - wandb: Syncing run 2023-05-04-05-19-59_model
[2023-05-04T05:20:01.320+0000] {logging_mixin.py:137} WARNING - wandb:  View project at https://wandb.ai/0xasept/MichelLaPolice
[2023-05-04T05:20:01.320+0000] {logging_mixin.py:137} WARNING - wandb:  View run at https://wandb.ai/0xasept/MichelLaPolice/runs/wis06yaq
[2023-05-04T05:20:02.733+0000] {logging_mixin.py:137} WARNING - wandb:   1 of 1 files downloaded.
[2023-05-04T05:20:02.763+0000] {logging_mixin.py:137} INFO - vocab loaded
[2023-05-04T05:20:02.799+0000] {logging_mixin.py:137} INFO - vectorize loaded
[2023-05-04T05:20:02.925+0000] {logging_mixin.py:137} INFO - train splited
[2023-05-04T05:20:04.942+0000] {logging_mixin.py:137} WARNING - wandb:   1 of 1 files downloaded.
