[2023-05-04T04:31:47.288+0000] {taskinstance.py:1087} INFO - Dependencies all met for <TaskInstance: evidently_conditional_drift_report.load_data scheduled__2023-05-03T00:00:00+00:00 [queued]>
[2023-05-04T04:31:47.327+0000] {taskinstance.py:1087} INFO - Dependencies all met for <TaskInstance: evidently_conditional_drift_report.load_data scheduled__2023-05-03T00:00:00+00:00 [queued]>
[2023-05-04T04:31:47.328+0000] {taskinstance.py:1283} INFO - 
--------------------------------------------------------------------------------
[2023-05-04T04:31:47.332+0000] {taskinstance.py:1284} INFO - Starting attempt 1 of 2
[2023-05-04T04:31:47.333+0000] {taskinstance.py:1285} INFO - 
--------------------------------------------------------------------------------
[2023-05-04T04:31:47.381+0000] {taskinstance.py:1304} INFO - Executing <Task(PythonOperator): load_data> on 2023-05-03 00:00:00+00:00
[2023-05-04T04:31:47.443+0000] {standard_task_runner.py:55} INFO - Started process 148 to run task
[2023-05-04T04:31:47.450+0000] {standard_task_runner.py:82} INFO - Running: ['***', 'tasks', 'run', 'evidently_conditional_drift_report', 'load_data', 'scheduled__2023-05-03T00:00:00+00:00', '--job-id', '94', '--raw', '--subdir', 'DAGS_FOLDER/evidently_conditional_drift_report_generation.py', '--cfg-path', '/tmp/tmp_3bghlw7']
[2023-05-04T04:31:47.455+0000] {standard_task_runner.py:83} INFO - Job 94: Subtask load_data
[2023-05-04T04:31:47.606+0000] {task_command.py:389} INFO - Running <TaskInstance: evidently_conditional_drift_report.load_data scheduled__2023-05-03T00:00:00+00:00 [running]> on host 6c2147fba45d
[2023-05-04T04:31:47.778+0000] {taskinstance.py:1511} INFO - Exporting the following env vars:
AIRFLOW_CTX_DAG_OWNER=***
AIRFLOW_CTX_DAG_ID=evidently_conditional_drift_report
AIRFLOW_CTX_TASK_ID=load_data
AIRFLOW_CTX_EXECUTION_DATE=2023-05-03T00:00:00+00:00
AIRFLOW_CTX_TRY_NUMBER=1
AIRFLOW_CTX_DAG_RUN_ID=scheduled__2023-05-03T00:00:00+00:00
[2023-05-04T04:32:10.365+0000] {python.py:177} INFO - Done. Returned value was: None
[2023-05-04T04:32:10.399+0000] {taskinstance.py:1322} INFO - Marking task as SUCCESS. dag_id=evidently_conditional_drift_report, task_id=load_data, execution_date=20230503T000000, start_date=20230504T043147, end_date=20230504T043210
[2023-05-04T04:32:10.595+0000] {local_task_job.py:159} INFO - Task exited with return code 0
[2023-05-04T04:32:10.635+0000] {taskinstance.py:2582} INFO - 1 downstream tasks scheduled from follow-on schedule check
