[2023-05-04T02:19:33.008+0000] {taskinstance.py:1087} INFO - Dependencies all met for <TaskInstance: train_ml_pipeline.load_data manual__2023-05-04T02:19:25.612905+00:00 [queued]>
[2023-05-04T02:19:33.022+0000] {taskinstance.py:1087} INFO - Dependencies all met for <TaskInstance: train_ml_pipeline.load_data manual__2023-05-04T02:19:25.612905+00:00 [queued]>
[2023-05-04T02:19:33.022+0000] {taskinstance.py:1283} INFO - 
--------------------------------------------------------------------------------
[2023-05-04T02:19:33.022+0000] {taskinstance.py:1284} INFO - Starting attempt 1 of 2
[2023-05-04T02:19:33.023+0000] {taskinstance.py:1285} INFO - 
--------------------------------------------------------------------------------
[2023-05-04T02:19:33.039+0000] {taskinstance.py:1304} INFO - Executing <Task(PythonOperator): load_data> on 2023-05-04 02:19:25.612905+00:00
[2023-05-04T02:19:33.056+0000] {standard_task_runner.py:55} INFO - Started process 317 to run task
[2023-05-04T02:19:33.061+0000] {standard_task_runner.py:82} INFO - Running: ['***', 'tasks', 'run', 'train_ml_pipeline', 'load_data', 'manual__2023-05-04T02:19:25.612905+00:00', '--job-id', '8', '--raw', '--subdir', 'DAGS_FOLDER/machine_learning_trainig_dag_Septembre.py', '--cfg-path', '/tmp/tmpz_04lqol']
[2023-05-04T02:19:33.068+0000] {standard_task_runner.py:83} INFO - Job 8: Subtask load_data
[2023-05-04T02:19:33.131+0000] {task_command.py:389} INFO - Running <TaskInstance: train_ml_pipeline.load_data manual__2023-05-04T02:19:25.612905+00:00 [running]> on host e8a079a426a7
[2023-05-04T02:19:33.204+0000] {taskinstance.py:1511} INFO - Exporting the following env vars:
AIRFLOW_CTX_DAG_OWNER=***
AIRFLOW_CTX_DAG_ID=train_ml_pipeline
AIRFLOW_CTX_TASK_ID=load_data
AIRFLOW_CTX_EXECUTION_DATE=2023-05-04T02:19:25.612905+00:00
AIRFLOW_CTX_TRY_NUMBER=1
AIRFLOW_CTX_DAG_RUN_ID=manual__2023-05-04T02:19:25.612905+00:00
[2023-05-04T02:19:48.922+0000] {python.py:177} INFO - Done. Returned value was: None
[2023-05-04T02:19:48.934+0000] {taskinstance.py:1322} INFO - Marking task as SUCCESS. dag_id=train_ml_pipeline, task_id=load_data, execution_date=20230504T021925, start_date=20230504T021933, end_date=20230504T021948
[2023-05-04T02:19:48.998+0000] {local_task_job.py:159} INFO - Task exited with return code 0
[2023-05-04T02:19:49.044+0000] {taskinstance.py:2582} INFO - 1 downstream tasks scheduled from follow-on schedule check
