[2023-05-04T05:37:05.975+0000] {taskinstance.py:1087} INFO - Dependencies all met for <TaskInstance: train_ml_pipeline.load_data manual__2023-05-04T05:35:19.377444+00:00 [queued]>
[2023-05-04T05:37:05.989+0000] {taskinstance.py:1087} INFO - Dependencies all met for <TaskInstance: train_ml_pipeline.load_data manual__2023-05-04T05:35:19.377444+00:00 [queued]>
[2023-05-04T05:37:05.989+0000] {taskinstance.py:1283} INFO - 
--------------------------------------------------------------------------------
[2023-05-04T05:37:05.989+0000] {taskinstance.py:1284} INFO - Starting attempt 1 of 2
[2023-05-04T05:37:05.989+0000] {taskinstance.py:1285} INFO - 
--------------------------------------------------------------------------------
[2023-05-04T05:37:06.010+0000] {taskinstance.py:1304} INFO - Executing <Task(PythonOperator): load_data> on 2023-05-04 05:35:19.377444+00:00
[2023-05-04T05:37:06.031+0000] {standard_task_runner.py:55} INFO - Started process 114 to run task
[2023-05-04T05:37:06.037+0000] {standard_task_runner.py:82} INFO - Running: ['***', 'tasks', 'run', 'train_ml_pipeline', 'load_data', 'manual__2023-05-04T05:35:19.377444+00:00', '--job-id', '120', '--raw', '--subdir', 'DAGS_FOLDER/machine_learning_trainig_dag_Septembre.py', '--cfg-path', '/tmp/tmpcupwzhwk']
[2023-05-04T05:37:06.037+0000] {standard_task_runner.py:83} INFO - Job 120: Subtask load_data
[2023-05-04T05:37:06.134+0000] {task_command.py:389} INFO - Running <TaskInstance: train_ml_pipeline.load_data manual__2023-05-04T05:35:19.377444+00:00 [running]> on host a56965e145a9
[2023-05-04T05:37:06.319+0000] {taskinstance.py:1511} INFO - Exporting the following env vars:
AIRFLOW_CTX_DAG_OWNER=***
AIRFLOW_CTX_DAG_ID=train_ml_pipeline
AIRFLOW_CTX_TASK_ID=load_data
AIRFLOW_CTX_EXECUTION_DATE=2023-05-04T05:35:19.377444+00:00
AIRFLOW_CTX_TRY_NUMBER=1
AIRFLOW_CTX_DAG_RUN_ID=manual__2023-05-04T05:35:19.377444+00:00
[2023-05-04T05:37:21.054+0000] {python.py:177} INFO - Done. Returned value was: None
[2023-05-04T05:37:21.065+0000] {taskinstance.py:1322} INFO - Marking task as SUCCESS. dag_id=train_ml_pipeline, task_id=load_data, execution_date=20230504T053519, start_date=20230504T053705, end_date=20230504T053721
[2023-05-04T05:37:21.150+0000] {local_task_job.py:159} INFO - Task exited with return code 0
[2023-05-04T05:37:21.200+0000] {taskinstance.py:2582} INFO - 1 downstream tasks scheduled from follow-on schedule check
