[2023-05-04T02:19:33.009+0000] {taskinstance.py:1087} INFO - Dependencies all met for <TaskInstance: train_ml_pipeline.load_data scheduled__2023-05-03T00:00:00+00:00 [queued]>
[2023-05-04T02:19:33.022+0000] {taskinstance.py:1087} INFO - Dependencies all met for <TaskInstance: train_ml_pipeline.load_data scheduled__2023-05-03T00:00:00+00:00 [queued]>
[2023-05-04T02:19:33.022+0000] {taskinstance.py:1283} INFO - 
--------------------------------------------------------------------------------
[2023-05-04T02:19:33.022+0000] {taskinstance.py:1284} INFO - Starting attempt 1 of 2
[2023-05-04T02:19:33.023+0000] {taskinstance.py:1285} INFO - 
--------------------------------------------------------------------------------
[2023-05-04T02:19:33.038+0000] {taskinstance.py:1304} INFO - Executing <Task(PythonOperator): load_data> on 2023-05-03 00:00:00+00:00
[2023-05-04T02:19:33.056+0000] {standard_task_runner.py:55} INFO - Started process 316 to run task
[2023-05-04T02:19:33.065+0000] {standard_task_runner.py:82} INFO - Running: ['***', 'tasks', 'run', 'train_ml_pipeline', 'load_data', 'scheduled__2023-05-03T00:00:00+00:00', '--job-id', '9', '--raw', '--subdir', 'DAGS_FOLDER/machine_learning_trainig_dag_Septembre.py', '--cfg-path', '/tmp/tmp00hj2i_k']
[2023-05-04T02:19:33.069+0000] {standard_task_runner.py:83} INFO - Job 9: Subtask load_data
[2023-05-04T02:19:33.137+0000] {task_command.py:389} INFO - Running <TaskInstance: train_ml_pipeline.load_data scheduled__2023-05-03T00:00:00+00:00 [running]> on host e8a079a426a7
[2023-05-04T02:19:33.208+0000] {taskinstance.py:1511} INFO - Exporting the following env vars:
AIRFLOW_CTX_DAG_OWNER=***
AIRFLOW_CTX_DAG_ID=train_ml_pipeline
AIRFLOW_CTX_TASK_ID=load_data
AIRFLOW_CTX_EXECUTION_DATE=2023-05-03T00:00:00+00:00
AIRFLOW_CTX_TRY_NUMBER=1
AIRFLOW_CTX_DAG_RUN_ID=scheduled__2023-05-03T00:00:00+00:00
[2023-05-04T02:19:45.100+0000] {python.py:177} INFO - Done. Returned value was: None
[2023-05-04T02:19:45.110+0000] {taskinstance.py:1322} INFO - Marking task as SUCCESS. dag_id=train_ml_pipeline, task_id=load_data, execution_date=20230503T000000, start_date=20230504T021933, end_date=20230504T021945
[2023-05-04T02:19:45.185+0000] {local_task_job.py:159} INFO - Task exited with return code 0
[2023-05-04T02:19:45.219+0000] {taskinstance.py:2582} INFO - 1 downstream tasks scheduled from follow-on schedule check
