[2023-05-04T04:40:59.465+0000] {taskinstance.py:1087} INFO - Dependencies all met for <TaskInstance: train_ml_pipeline.train_model manual__2023-05-04T04:40:34.379971+00:00 [queued]>
[2023-05-04T04:40:59.481+0000] {taskinstance.py:1087} INFO - Dependencies all met for <TaskInstance: train_ml_pipeline.train_model manual__2023-05-04T04:40:34.379971+00:00 [queued]>
[2023-05-04T04:40:59.482+0000] {taskinstance.py:1283} INFO - 
--------------------------------------------------------------------------------
[2023-05-04T04:40:59.482+0000] {taskinstance.py:1284} INFO - Starting attempt 1 of 2
[2023-05-04T04:40:59.482+0000] {taskinstance.py:1285} INFO - 
--------------------------------------------------------------------------------
[2023-05-04T04:40:59.502+0000] {taskinstance.py:1304} INFO - Executing <Task(PythonOperator): train_model> on 2023-05-04 04:40:34.379971+00:00
[2023-05-04T04:40:59.525+0000] {standard_task_runner.py:55} INFO - Started process 249 to run task
[2023-05-04T04:40:59.532+0000] {standard_task_runner.py:82} INFO - Running: ['***', 'tasks', 'run', 'train_ml_pipeline', 'train_model', 'manual__2023-05-04T04:40:34.379971+00:00', '--job-id', '107', '--raw', '--subdir', 'DAGS_FOLDER/machine_learning_trainig_dag_Septembre.py', '--cfg-path', '/tmp/tmpxfrck4k_']
[2023-05-04T04:40:59.533+0000] {standard_task_runner.py:83} INFO - Job 107: Subtask train_model
[2023-05-04T04:40:59.625+0000] {task_command.py:389} INFO - Running <TaskInstance: train_ml_pipeline.train_model manual__2023-05-04T04:40:34.379971+00:00 [running]> on host 78523dc16bce
[2023-05-04T04:40:59.723+0000] {taskinstance.py:1511} INFO - Exporting the following env vars:
AIRFLOW_CTX_DAG_OWNER=***
AIRFLOW_CTX_DAG_ID=train_ml_pipeline
AIRFLOW_CTX_TASK_ID=train_model
AIRFLOW_CTX_EXECUTION_DATE=2023-05-04T04:40:34.379971+00:00
AIRFLOW_CTX_TRY_NUMBER=1
AIRFLOW_CTX_DAG_RUN_ID=manual__2023-05-04T04:40:34.379971+00:00
[2023-05-04T04:41:01.164+0000] {logging_mixin.py:137} WARNING - wandb: Tracking run with wandb version 0.15.1
[2023-05-04T04:41:01.165+0000] {logging_mixin.py:137} WARNING - wandb: Run data is saved locally in /opt/***/wandb/run-20230504_044100-9ureay1a
wandb: Run `wandb offline` to turn off syncing.
[2023-05-04T04:41:01.168+0000] {logging_mixin.py:137} WARNING - wandb: Syncing run 2023-05-04-04-40-59_model
[2023-05-04T04:41:01.168+0000] {logging_mixin.py:137} WARNING - wandb:  View project at https://wandb.ai/0xasept/MichelLaPolice
[2023-05-04T04:41:01.169+0000] {logging_mixin.py:137} WARNING - wandb:  View run at https://wandb.ai/0xasept/MichelLaPolice/runs/9ureay1a
[2023-05-04T04:41:02.654+0000] {logging_mixin.py:137} WARNING - wandb:   1 of 1 files downloaded.
[2023-05-04T04:41:02.705+0000] {logging_mixin.py:137} INFO - vocab loaded
[2023-05-04T04:41:02.735+0000] {logging_mixin.py:137} INFO - vectorize loaded
[2023-05-04T04:41:02.797+0000] {logging_mixin.py:137} INFO - train splited
[2023-05-04T04:41:04.317+0000] {logging_mixin.py:137} WARNING - wandb:   1 of 1 files downloaded.
