[2023-05-04T05:57:03.050+0000] {taskinstance.py:1087} INFO - Dependencies all met for <TaskInstance: train_ml_pipeline.train_model manual__2023-05-04T05:56:33.928289+00:00 [queued]>
[2023-05-04T05:57:03.068+0000] {taskinstance.py:1087} INFO - Dependencies all met for <TaskInstance: train_ml_pipeline.train_model manual__2023-05-04T05:56:33.928289+00:00 [queued]>
[2023-05-04T05:57:03.068+0000] {taskinstance.py:1283} INFO - 
--------------------------------------------------------------------------------
[2023-05-04T05:57:03.069+0000] {taskinstance.py:1284} INFO - Starting attempt 1 of 2
[2023-05-04T05:57:03.069+0000] {taskinstance.py:1285} INFO - 
--------------------------------------------------------------------------------
[2023-05-04T05:57:03.092+0000] {taskinstance.py:1304} INFO - Executing <Task(PythonOperator): train_model> on 2023-05-04 05:56:33.928289+00:00
[2023-05-04T05:57:03.128+0000] {standard_task_runner.py:55} INFO - Started process 183 to run task
[2023-05-04T05:57:03.133+0000] {standard_task_runner.py:82} INFO - Running: ['***', 'tasks', 'run', 'train_ml_pipeline', 'train_model', 'manual__2023-05-04T05:56:33.928289+00:00', '--job-id', '135', '--raw', '--subdir', 'DAGS_FOLDER/machine_learning_trainig_dag_Septembre.py', '--cfg-path', '/tmp/tmpogy1p4mk']
[2023-05-04T05:57:03.134+0000] {standard_task_runner.py:83} INFO - Job 135: Subtask train_model
[2023-05-04T05:57:03.212+0000] {task_command.py:389} INFO - Running <TaskInstance: train_ml_pipeline.train_model manual__2023-05-04T05:56:33.928289+00:00 [running]> on host 89c9782cfe53
[2023-05-04T05:57:03.297+0000] {taskinstance.py:1511} INFO - Exporting the following env vars:
AIRFLOW_CTX_DAG_OWNER=***
AIRFLOW_CTX_DAG_ID=train_ml_pipeline
AIRFLOW_CTX_TASK_ID=train_model
AIRFLOW_CTX_EXECUTION_DATE=2023-05-04T05:56:33.928289+00:00
AIRFLOW_CTX_TRY_NUMBER=1
AIRFLOW_CTX_DAG_RUN_ID=manual__2023-05-04T05:56:33.928289+00:00
[2023-05-04T05:57:04.796+0000] {logging_mixin.py:137} WARNING - wandb: Tracking run with wandb version 0.15.1
[2023-05-04T05:57:04.798+0000] {logging_mixin.py:137} WARNING - wandb: Run data is saved locally in /opt/***/wandb/run-20230504_055703-lpw8evy1
wandb: Run `wandb offline` to turn off syncing.
[2023-05-04T05:57:04.807+0000] {logging_mixin.py:137} WARNING - wandb: Syncing run 2023-05-04-05-57-03_model
[2023-05-04T05:57:04.808+0000] {logging_mixin.py:137} WARNING - wandb:  View project at https://wandb.ai/0xasept/MichelLaPolice
[2023-05-04T05:57:04.810+0000] {logging_mixin.py:137} WARNING - wandb:  View run at https://wandb.ai/0xasept/MichelLaPolice/runs/lpw8evy1
[2023-05-04T05:57:06.495+0000] {logging_mixin.py:137} INFO - vocab loaded
[2023-05-04T05:57:06.529+0000] {logging_mixin.py:137} INFO - vectorize loaded
[2023-05-04T05:57:06.668+0000] {logging_mixin.py:137} INFO - train splited
[2023-05-04T05:57:09.281+0000] {logging_mixin.py:137} WARNING - wandb:   1 of 1 files downloaded.
[2023-05-04T05:57:09.288+0000] {logging_mixin.py:137} INFO - toxic is downloaded
[2023-05-04T05:57:09.289+0000] {logging_mixin.py:137} INFO - ./artifacts/Matraque:v3/model.h5
