[2023-05-04T03:45:49.636+0000] {taskinstance.py:1087} INFO - Dependencies all met for <TaskInstance: train_ml_pipeline.load_data manual__2023-05-04T03:45:41.013314+00:00 [queued]>
[2023-05-04T03:45:49.646+0000] {taskinstance.py:1087} INFO - Dependencies all met for <TaskInstance: train_ml_pipeline.load_data manual__2023-05-04T03:45:41.013314+00:00 [queued]>
[2023-05-04T03:45:49.646+0000] {taskinstance.py:1283} INFO - 
--------------------------------------------------------------------------------
[2023-05-04T03:45:49.647+0000] {taskinstance.py:1284} INFO - Starting attempt 1 of 2
[2023-05-04T03:45:49.647+0000] {taskinstance.py:1285} INFO - 
--------------------------------------------------------------------------------
[2023-05-04T03:45:49.658+0000] {taskinstance.py:1304} INFO - Executing <Task(PythonOperator): load_data> on 2023-05-04 03:45:41.013314+00:00
[2023-05-04T03:45:49.675+0000] {standard_task_runner.py:55} INFO - Started process 211 to run task
[2023-05-04T03:45:49.682+0000] {standard_task_runner.py:82} INFO - Running: ['***', 'tasks', 'run', 'train_ml_pipeline', 'load_data', 'manual__2023-05-04T03:45:41.013314+00:00', '--job-id', '81', '--raw', '--subdir', 'DAGS_FOLDER/machine_learning_trainig_dag_Septembre.py', '--cfg-path', '/tmp/tmpzw9cg99c']
[2023-05-04T03:45:49.683+0000] {standard_task_runner.py:83} INFO - Job 81: Subtask load_data
[2023-05-04T03:45:49.744+0000] {task_command.py:389} INFO - Running <TaskInstance: train_ml_pipeline.load_data manual__2023-05-04T03:45:41.013314+00:00 [running]> on host 97485e0d9324
[2023-05-04T03:45:49.814+0000] {taskinstance.py:1511} INFO - Exporting the following env vars:
AIRFLOW_CTX_DAG_OWNER=***
AIRFLOW_CTX_DAG_ID=train_ml_pipeline
AIRFLOW_CTX_TASK_ID=load_data
AIRFLOW_CTX_EXECUTION_DATE=2023-05-04T03:45:41.013314+00:00
AIRFLOW_CTX_TRY_NUMBER=1
AIRFLOW_CTX_DAG_RUN_ID=manual__2023-05-04T03:45:41.013314+00:00
[2023-05-04T03:46:00.541+0000] {python.py:177} INFO - Done. Returned value was: None
[2023-05-04T03:46:00.553+0000] {taskinstance.py:1322} INFO - Marking task as SUCCESS. dag_id=train_ml_pipeline, task_id=load_data, execution_date=20230504T034541, start_date=20230504T034549, end_date=20230504T034600
[2023-05-04T03:46:00.633+0000] {local_task_job.py:159} INFO - Task exited with return code 0
[2023-05-04T03:46:00.663+0000] {taskinstance.py:2582} INFO - 1 downstream tasks scheduled from follow-on schedule check
