[2023-05-04T04:32:08.269+0000] {taskinstance.py:1087} INFO - Dependencies all met for <TaskInstance: train_ml_pipeline.train_model manual__2023-05-04T04:31:21.927826+00:00 [queued]>
[2023-05-04T04:32:08.288+0000] {taskinstance.py:1087} INFO - Dependencies all met for <TaskInstance: train_ml_pipeline.train_model manual__2023-05-04T04:31:21.927826+00:00 [queued]>
[2023-05-04T04:32:08.289+0000] {taskinstance.py:1283} INFO - 
--------------------------------------------------------------------------------
[2023-05-04T04:32:08.290+0000] {taskinstance.py:1284} INFO - Starting attempt 1 of 2
[2023-05-04T04:32:08.290+0000] {taskinstance.py:1285} INFO - 
--------------------------------------------------------------------------------
[2023-05-04T04:32:08.314+0000] {taskinstance.py:1304} INFO - Executing <Task(PythonOperator): train_model> on 2023-05-04 04:31:21.927826+00:00
[2023-05-04T04:32:08.336+0000] {standard_task_runner.py:55} INFO - Started process 210 to run task
[2023-05-04T04:32:08.341+0000] {standard_task_runner.py:82} INFO - Running: ['***', 'tasks', 'run', 'train_ml_pipeline', 'train_model', 'manual__2023-05-04T04:31:21.927826+00:00', '--job-id', '96', '--raw', '--subdir', 'DAGS_FOLDER/machine_learning_trainig_dag_Septembre.py', '--cfg-path', '/tmp/tmp418wvot3']
[2023-05-04T04:32:08.341+0000] {standard_task_runner.py:83} INFO - Job 96: Subtask train_model
[2023-05-04T04:32:08.458+0000] {task_command.py:389} INFO - Running <TaskInstance: train_ml_pipeline.train_model manual__2023-05-04T04:31:21.927826+00:00 [running]> on host 6c2147fba45d
[2023-05-04T04:32:08.651+0000] {taskinstance.py:1511} INFO - Exporting the following env vars:
AIRFLOW_CTX_DAG_OWNER=***
AIRFLOW_CTX_DAG_ID=train_ml_pipeline
AIRFLOW_CTX_TASK_ID=train_model
AIRFLOW_CTX_EXECUTION_DATE=2023-05-04T04:31:21.927826+00:00
AIRFLOW_CTX_TRY_NUMBER=1
AIRFLOW_CTX_DAG_RUN_ID=manual__2023-05-04T04:31:21.927826+00:00
[2023-05-04T04:32:09.823+0000] {logging_mixin.py:137} WARNING - wandb: Tracking run with wandb version 0.15.1
[2023-05-04T04:32:09.825+0000] {logging_mixin.py:137} WARNING - wandb: Run data is saved locally in /opt/***/wandb/run-20230504_043209-gn04gkss
wandb: Run `wandb offline` to turn off syncing.
[2023-05-04T04:32:09.841+0000] {logging_mixin.py:137} WARNING - wandb: Syncing run 2023-05-04-04-32-08_model
[2023-05-04T04:32:09.842+0000] {logging_mixin.py:137} WARNING - wandb:  View project at https://wandb.ai/0xasept/MichelLaPolice
[2023-05-04T04:32:09.842+0000] {logging_mixin.py:137} WARNING - wandb:  View run at https://wandb.ai/0xasept/MichelLaPolice/runs/gn04gkss
[2023-05-04T04:32:11.453+0000] {logging_mixin.py:137} WARNING - wandb:   1 of 1 files downloaded.
[2023-05-04T04:32:11.530+0000] {logging_mixin.py:137} INFO - vocab loaded
[2023-05-04T04:32:11.598+0000] {logging_mixin.py:137} INFO - vectorize loaded
[2023-05-04T04:32:11.841+0000] {logging_mixin.py:137} INFO - train splited
[2023-05-04T04:32:13.429+0000] {logging_mixin.py:137} WARNING - wandb:   1 of 1 files downloaded.
[2023-05-04T04:36:26.619+0000] {local_task_job.py:223} WARNING - State of this instance has been externally set to failed. Terminating instance.
[2023-05-04T04:36:26.620+0000] {process_utils.py:129} INFO - Sending Signals.SIGTERM to group 210. PIDs of all processes in the group: [210]
[2023-05-04T04:36:26.621+0000] {process_utils.py:84} INFO - Sending the signal Signals.SIGTERM to group 210
