[2023-05-04T02:19:33.009+0000] {taskinstance.py:1087} INFO - Dependencies all met for <TaskInstance: train_ml_pipeline.load_data scheduled__2023-05-02T00:00:00+00:00 [queued]>
[2023-05-04T02:19:33.024+0000] {taskinstance.py:1087} INFO - Dependencies all met for <TaskInstance: train_ml_pipeline.load_data scheduled__2023-05-02T00:00:00+00:00 [queued]>
[2023-05-04T02:19:33.025+0000] {taskinstance.py:1283} INFO - 
--------------------------------------------------------------------------------
[2023-05-04T02:19:33.025+0000] {taskinstance.py:1284} INFO - Starting attempt 1 of 2
[2023-05-04T02:19:33.025+0000] {taskinstance.py:1285} INFO - 
--------------------------------------------------------------------------------
[2023-05-04T02:19:33.041+0000] {taskinstance.py:1304} INFO - Executing <Task(PythonOperator): load_data> on 2023-05-02 00:00:00+00:00
[2023-05-04T02:19:33.060+0000] {standard_task_runner.py:55} INFO - Started process 318 to run task
[2023-05-04T02:19:33.065+0000] {standard_task_runner.py:82} INFO - Running: ['***', 'tasks', 'run', 'train_ml_pipeline', 'load_data', 'scheduled__2023-05-02T00:00:00+00:00', '--job-id', '7', '--raw', '--subdir', 'DAGS_FOLDER/machine_learning_trainig_dag_Septembre.py', '--cfg-path', '/tmp/tmpp9pcaaw8']
[2023-05-04T02:19:33.068+0000] {standard_task_runner.py:83} INFO - Job 7: Subtask load_data
[2023-05-04T02:19:33.131+0000] {task_command.py:389} INFO - Running <TaskInstance: train_ml_pipeline.load_data scheduled__2023-05-02T00:00:00+00:00 [running]> on host e8a079a426a7
[2023-05-04T02:19:33.201+0000] {taskinstance.py:1511} INFO - Exporting the following env vars:
AIRFLOW_CTX_DAG_OWNER=***
AIRFLOW_CTX_DAG_ID=train_ml_pipeline
AIRFLOW_CTX_TASK_ID=load_data
AIRFLOW_CTX_EXECUTION_DATE=2023-05-02T00:00:00+00:00
AIRFLOW_CTX_TRY_NUMBER=1
AIRFLOW_CTX_DAG_RUN_ID=scheduled__2023-05-02T00:00:00+00:00
[2023-05-04T02:19:51.917+0000] {python.py:177} INFO - Done. Returned value was: None
[2023-05-04T02:19:51.964+0000] {taskinstance.py:1322} INFO - Marking task as SUCCESS. dag_id=train_ml_pipeline, task_id=load_data, execution_date=20230502T000000, start_date=20230504T021933, end_date=20230504T021951
[2023-05-04T02:19:52.071+0000] {local_task_job.py:159} INFO - Task exited with return code 0
[2023-05-04T02:19:52.125+0000] {taskinstance.py:2582} INFO - 1 downstream tasks scheduled from follow-on schedule check
