[2023-05-04T04:40:45.062+0000] {taskinstance.py:1087} INFO - Dependencies all met for <TaskInstance: train_ml_pipeline.load_data manual__2023-05-04T04:40:34.379971+00:00 [queued]>
[2023-05-04T04:40:45.077+0000] {taskinstance.py:1087} INFO - Dependencies all met for <TaskInstance: train_ml_pipeline.load_data manual__2023-05-04T04:40:34.379971+00:00 [queued]>
[2023-05-04T04:40:45.077+0000] {taskinstance.py:1283} INFO - 
--------------------------------------------------------------------------------
[2023-05-04T04:40:45.077+0000] {taskinstance.py:1284} INFO - Starting attempt 1 of 2
[2023-05-04T04:40:45.078+0000] {taskinstance.py:1285} INFO - 
--------------------------------------------------------------------------------
[2023-05-04T04:40:45.098+0000] {taskinstance.py:1304} INFO - Executing <Task(PythonOperator): load_data> on 2023-05-04 04:40:34.379971+00:00
[2023-05-04T04:40:45.118+0000] {standard_task_runner.py:55} INFO - Started process 205 to run task
[2023-05-04T04:40:45.122+0000] {standard_task_runner.py:82} INFO - Running: ['***', 'tasks', 'run', 'train_ml_pipeline', 'load_data', 'manual__2023-05-04T04:40:34.379971+00:00', '--job-id', '106', '--raw', '--subdir', 'DAGS_FOLDER/machine_learning_trainig_dag_Septembre.py', '--cfg-path', '/tmp/tmp4vfhvjvu']
[2023-05-04T04:40:45.123+0000] {standard_task_runner.py:83} INFO - Job 106: Subtask load_data
[2023-05-04T04:40:45.197+0000] {task_command.py:389} INFO - Running <TaskInstance: train_ml_pipeline.load_data manual__2023-05-04T04:40:34.379971+00:00 [running]> on host 78523dc16bce
[2023-05-04T04:40:45.297+0000] {taskinstance.py:1511} INFO - Exporting the following env vars:
AIRFLOW_CTX_DAG_OWNER=***
AIRFLOW_CTX_DAG_ID=train_ml_pipeline
AIRFLOW_CTX_TASK_ID=load_data
AIRFLOW_CTX_EXECUTION_DATE=2023-05-04T04:40:34.379971+00:00
AIRFLOW_CTX_TRY_NUMBER=1
AIRFLOW_CTX_DAG_RUN_ID=manual__2023-05-04T04:40:34.379971+00:00
[2023-05-04T04:40:51.253+0000] {python.py:177} INFO - Done. Returned value was: None
[2023-05-04T04:40:51.263+0000] {taskinstance.py:1322} INFO - Marking task as SUCCESS. dag_id=train_ml_pipeline, task_id=load_data, execution_date=20230504T044034, start_date=20230504T044045, end_date=20230504T044051
[2023-05-04T04:40:51.319+0000] {local_task_job.py:159} INFO - Task exited with return code 0
[2023-05-04T04:40:51.346+0000] {taskinstance.py:2582} INFO - 1 downstream tasks scheduled from follow-on schedule check
