[2023-05-04T04:08:16.149+0000] {taskinstance.py:1087} INFO - Dependencies all met for <TaskInstance: train_ml_pipeline.train_model manual__2023-05-04T04:07:44.774462+00:00 [queued]>
[2023-05-04T04:08:16.160+0000] {taskinstance.py:1087} INFO - Dependencies all met for <TaskInstance: train_ml_pipeline.train_model manual__2023-05-04T04:07:44.774462+00:00 [queued]>
[2023-05-04T04:08:16.160+0000] {taskinstance.py:1283} INFO - 
--------------------------------------------------------------------------------
[2023-05-04T04:08:16.160+0000] {taskinstance.py:1284} INFO - Starting attempt 1 of 2
[2023-05-04T04:08:16.160+0000] {taskinstance.py:1285} INFO - 
--------------------------------------------------------------------------------
[2023-05-04T04:08:16.175+0000] {taskinstance.py:1304} INFO - Executing <Task(PythonOperator): train_model> on 2023-05-04 04:07:44.774462+00:00
[2023-05-04T04:08:16.193+0000] {standard_task_runner.py:55} INFO - Started process 946 to run task
[2023-05-04T04:08:16.196+0000] {standard_task_runner.py:82} INFO - Running: ['***', 'tasks', 'run', 'train_ml_pipeline', 'train_model', 'manual__2023-05-04T04:07:44.774462+00:00', '--job-id', '89', '--raw', '--subdir', 'DAGS_FOLDER/machine_learning_trainig_dag_Septembre.py', '--cfg-path', '/tmp/tmpuds3j_jd']
[2023-05-04T04:08:16.197+0000] {standard_task_runner.py:83} INFO - Job 89: Subtask train_model
[2023-05-04T04:08:16.256+0000] {task_command.py:389} INFO - Running <TaskInstance: train_ml_pipeline.train_model manual__2023-05-04T04:07:44.774462+00:00 [running]> on host fc4cff34578c
[2023-05-04T04:08:16.322+0000] {taskinstance.py:1511} INFO - Exporting the following env vars:
AIRFLOW_CTX_DAG_OWNER=***
AIRFLOW_CTX_DAG_ID=train_ml_pipeline
AIRFLOW_CTX_TASK_ID=train_model
AIRFLOW_CTX_EXECUTION_DATE=2023-05-04T04:07:44.774462+00:00
AIRFLOW_CTX_TRY_NUMBER=1
AIRFLOW_CTX_DAG_RUN_ID=manual__2023-05-04T04:07:44.774462+00:00
[2023-05-04T04:08:17.436+0000] {logging_mixin.py:137} WARNING - wandb: Tracking run with wandb version 0.15.1
[2023-05-04T04:08:17.437+0000] {logging_mixin.py:137} WARNING - wandb: Run data is saved locally in /opt/***/wandb/run-20230504_040816-2onr907t
wandb: Run `wandb offline` to turn off syncing.
[2023-05-04T04:08:17.441+0000] {logging_mixin.py:137} WARNING - wandb: Syncing run 2023-05-04-04-08-16_model
[2023-05-04T04:08:17.442+0000] {logging_mixin.py:137} WARNING - wandb:  View project at https://wandb.ai/0xasept/MichelLaPolice
[2023-05-04T04:08:17.442+0000] {logging_mixin.py:137} WARNING - wandb:  View run at https://wandb.ai/0xasept/MichelLaPolice/runs/2onr907t
[2023-05-04T04:08:18.329+0000] {logging_mixin.py:137} WARNING - wandb:   1 of 1 files downloaded.
[2023-05-04T04:08:19.455+0000] {logging_mixin.py:137} WARNING - wandb:   1 of 1 files downloaded.
[2023-05-04T04:29:20.234+0000] {local_task_job.py:223} WARNING - State of this instance has been externally set to failed. Terminating instance.
[2023-05-04T04:29:20.236+0000] {process_utils.py:129} INFO - Sending Signals.SIGTERM to group 946. PIDs of all processes in the group: [946]
[2023-05-04T04:29:20.237+0000] {process_utils.py:84} INFO - Sending the signal Signals.SIGTERM to group 946
